2016-07-18 17:26:11 Error: [MissingControllerException] Controller class IndexController could not be found.
Exception Attributes: array (
  'class' => 'IndexController',
  'plugin' => NULL,
)
Request URL: /MusicReview/index
Stack Trace:
#0 /var/www/html/MusicReview/app/webroot/index.php(111): Dispatcher->dispatch(Object(CakeRequest), Object(CakeResponse))
#1 {main}
2016-07-18 17:26:38 Error: [MissingControllerException] Controller class IndexController could not be found.
Exception Attributes: array (
  'class' => 'IndexController',
  'plugin' => NULL,
)
Request URL: /MusicReview/index
Stack Trace:
#0 /var/www/html/MusicReview/app/webroot/index.php(111): Dispatcher->dispatch(Object(CakeRequest), Object(CakeResponse))
#1 {main}
2016-07-18 17:33:14 Error: [NotFoundException] 作品が見つかりません
Request URL: /MusicReview/Records/view
Stack Trace:
#0 [internal function]: RecordsController->view()
#1 /var/www/html/MusicReview/lib/Cake/Controller/Controller.php(491): ReflectionMethod->invokeArgs(Object(RecordsController), Array)
#2 /var/www/html/MusicReview/lib/Cake/Routing/Dispatcher.php(193): Controller->invokeAction(Object(CakeRequest))
#3 /var/www/html/MusicReview/lib/Cake/Routing/Dispatcher.php(167): Dispatcher->_invoke(Object(RecordsController), Object(CakeRequest))
#4 /var/www/html/MusicReview/app/webroot/index.php(111): Dispatcher->dispatch(Object(CakeRequest), Object(CakeResponse))
#5 {main}
2016-07-18 17:33:26 Error: [MissingViewException] View file "Records/view.ctp" is missing.
Exception Attributes: array (
  'file' => 'Records/view.ctp',
)
Request URL: /MusicReview/Records/view/1
Stack Trace:
#0 /var/www/html/MusicReview/lib/Cake/View/View.php(470): View->_getViewFileName(NULL)
#1 /var/www/html/MusicReview/lib/Cake/Controller/Controller.php(963): View->render(NULL, NULL)
#2 /var/www/html/MusicReview/lib/Cake/Routing/Dispatcher.php(200): Controller->render()
#3 /var/www/html/MusicReview/lib/Cake/Routing/Dispatcher.php(167): Dispatcher->_invoke(Object(RecordsController), Object(CakeRequest))
#4 /var/www/html/MusicReview/app/webroot/index.php(111): Dispatcher->dispatch(Object(CakeRequest), Object(CakeResponse))
#5 {main}
2016-07-18 18:23:02 Error: Fatal Error (4): syntax error, unexpected 'public' (T_PUBLIC), expecting ',' or ';' in [/var/www/html/MusicReview/app/Controller/RecordsController.php, line 7]
2016-07-18 18:23:02 Error: [FatalErrorException] syntax error, unexpected 'public' (T_PUBLIC), expecting ',' or ';'
Request URL: /MusicReview/Records/index
Stack Trace:
#0 /var/www/html/MusicReview/lib/Cake/Error/ErrorHandler.php(213): ErrorHandler::handleFatalError(4, 'syntax error, u...', '/var/www/html/M...', 7)
#1 [internal function]: ErrorHandler::handleError(4, 'syntax error, u...', '/var/www/html/M...', 7, Array)
#2 /var/www/html/MusicReview/lib/Cake/Core/App.php(970): call_user_func('ErrorHandler::h...', 4, 'syntax error, u...', '/var/www/html/M...', 7, Array)
#3 /var/www/html/MusicReview/lib/Cake/Core/App.php(943): App::_checkFatalError()
#4 [internal function]: App::shutdown()
#5 {main}
2016-07-18 18:23:45 Error: Fatal Error (4): syntax error, unexpected 'if' (T_IF) in [/var/www/html/MusicReview/app/View/Helper/RecordHelper.php, line 11]
2016-07-18 18:23:45 Error: [FatalErrorException] syntax error, unexpected 'if' (T_IF)
Request URL: /MusicReview/Records/index
Stack Trace:
#0 /var/www/html/MusicReview/lib/Cake/Error/ErrorHandler.php(213): ErrorHandler::handleFatalError(4, 'syntax error, u...', '/var/www/html/M...', 11)
#1 [internal function]: ErrorHandler::handleError(4, 'syntax error, u...', '/var/www/html/M...', 11, Array)
#2 /var/www/html/MusicReview/lib/Cake/Core/App.php(970): call_user_func('ErrorHandler::h...', 4, 'syntax error, u...', '/var/www/html/M...', 11, Array)
#3 /var/www/html/MusicReview/lib/Cake/Core/App.php(943): App::_checkFatalError()
#4 [internal function]: App::shutdown()
#5 {main}
2016-07-18 18:24:10 Error: Fatal Error (4): syntax error, unexpected 'if' (T_IF) in [/var/www/html/MusicReview/app/View/Helper/RecordHelper.php, line 10]
2016-07-18 18:24:10 Error: [FatalErrorException] syntax error, unexpected 'if' (T_IF)
Request URL: /MusicReview/Records/index
Stack Trace:
#0 /var/www/html/MusicReview/lib/Cake/Error/ErrorHandler.php(213): ErrorHandler::handleFatalError(4, 'syntax error, u...', '/var/www/html/M...', 10)
#1 [internal function]: ErrorHandler::handleError(4, 'syntax error, u...', '/var/www/html/M...', 10, Array)
#2 /var/www/html/MusicReview/lib/Cake/Core/App.php(970): call_user_func('ErrorHandler::h...', 4, 'syntax error, u...', '/var/www/html/M...', 10, Array)
#3 /var/www/html/MusicReview/lib/Cake/Core/App.php(943): App::_checkFatalError()
#4 [internal function]: App::shutdown()
#5 {main}
2016-07-18 18:24:26 Error: Fatal Error (4): syntax error, unexpected 'if' (T_IF) in [/var/www/html/MusicReview/app/View/Helper/RecordHelper.php, line 10]
2016-07-18 18:24:26 Error: [FatalErrorException] syntax error, unexpected 'if' (T_IF)
Request URL: /MusicReview/Records/index
Stack Trace:
#0 /var/www/html/MusicReview/lib/Cake/Error/ErrorHandler.php(213): ErrorHandler::handleFatalError(4, 'syntax error, u...', '/var/www/html/M...', 10)
#1 [internal function]: ErrorHandler::handleError(4, 'syntax error, u...', '/var/www/html/M...', 10, Array)
#2 /var/www/html/MusicReview/lib/Cake/Core/App.php(970): call_user_func('ErrorHandler::h...', 4, 'syntax error, u...', '/var/www/html/M...', 10, Array)
#3 /var/www/html/MusicReview/lib/Cake/Core/App.php(943): App::_checkFatalError()
#4 [internal function]: App::shutdown()
#5 {main}
2016-07-18 18:25:09 Error: [MissingControllerException] Controller class ImgController could not be found.
Exception Attributes: array (
  'class' => 'ImgController',
  'plugin' => NULL,
)
Request URL: /MusicReview/img/img/no-image.jpg
Stack Trace:
#0 /var/www/html/MusicReview/app/webroot/index.php(111): Dispatcher->dispatch(Object(CakeRequest), Object(CakeResponse))
#1 {main}
2016-07-18 18:25:26 Error: [MissingControllerException] Controller class ImgController could not be found.
Exception Attributes: array (
  'class' => 'ImgController',
  'plugin' => NULL,
)
Request URL: /MusicReview/img/img/no-image.jpg
Stack Trace:
#0 /var/www/html/MusicReview/app/webroot/index.php(111): Dispatcher->dispatch(Object(CakeRequest), Object(CakeResponse))
#1 {main}
2016-07-18 18:25:41 Error: [MissingControllerException] Controller class ImgController could not be found.
Exception Attributes: array (
  'class' => 'ImgController',
  'plugin' => NULL,
)
Request URL: /MusicReview/img/no-image.jpg
Stack Trace:
#0 /var/www/html/MusicReview/app/webroot/index.php(111): Dispatcher->dispatch(Object(CakeRequest), Object(CakeResponse))
#1 {main}
2016-07-18 18:26:02 Error: [MissingControllerException] Controller class ImgController could not be found.
Exception Attributes: array (
  'class' => 'ImgController',
  'plugin' => NULL,
)
Request URL: /MusicReview/img/img/no-image.jpg
Stack Trace:
#0 /var/www/html/MusicReview/app/webroot/index.php(111): Dispatcher->dispatch(Object(CakeRequest), Object(CakeResponse))
#1 {main}
2016-07-18 18:26:05 Error: [MissingControllerException] Controller class ImgController could not be found.
Exception Attributes: array (
  'class' => 'ImgController',
  'plugin' => NULL,
)
Request URL: /MusicReview/img/img/no-image.jpg
Stack Trace:
#0 /var/www/html/MusicReview/app/webroot/index.php(111): Dispatcher->dispatch(Object(CakeRequest), Object(CakeResponse))
#1 {main}
2016-07-18 18:26:57 Error: [MissingControllerException] Controller class ImgController could not be found.
Exception Attributes: array (
  'class' => 'ImgController',
  'plugin' => NULL,
)
Request URL: /MusicReview/img/img/no-image.jpg
Stack Trace:
#0 /var/www/html/MusicReview/app/webroot/index.php(111): Dispatcher->dispatch(Object(CakeRequest), Object(CakeResponse))
#1 {main}
2016-07-18 18:28:16 Error: [MissingControllerException] Controller class ImgController could not be found.
Exception Attributes: array (
  'class' => 'ImgController',
  'plugin' => NULL,
)
Request URL: /MusicReview/img/img/no-image.jpg
Stack Trace:
#0 /var/www/html/MusicReview/app/webroot/index.php(111): Dispatcher->dispatch(Object(CakeRequest), Object(CakeResponse))
#1 {main}
2016-07-18 18:32:54 Error: [MissingControllerException] Controller class ImgController could not be found.
Exception Attributes: array (
  'class' => 'ImgController',
  'plugin' => NULL,
)
Request URL: /MusicReview/img/no-image.jpg
Stack Trace:
#0 /var/www/html/MusicReview/app/webroot/index.php(111): Dispatcher->dispatch(Object(CakeRequest), Object(CakeResponse))
#1 {main}
2016-07-18 18:35:03 Error: [MissingControllerException] Controller class ImgController could not be found.
Exception Attributes: array (
  'class' => 'ImgController',
  'plugin' => NULL,
)
Request URL: /MusicReview/img/img/no-image.jpg
Stack Trace:
#0 /var/www/html/MusicReview/app/webroot/index.php(111): Dispatcher->dispatch(Object(CakeRequest), Object(CakeResponse))
#1 {main}
2016-07-18 18:39:15 Error: [MissingControllerException] Controller class ImgController could not be found.
Exception Attributes: array (
  'class' => 'ImgController',
  'plugin' => NULL,
)
Request URL: /MusicReview/img/no-image.jpg
Stack Trace:
#0 /var/www/html/MusicReview/app/webroot/index.php(111): Dispatcher->dispatch(Object(CakeRequest), Object(CakeResponse))
#1 {main}
2016-07-18 18:39:20 Error: [MissingControllerException] Controller class ImgController could not be found.
Exception Attributes: array (
  'class' => 'ImgController',
  'plugin' => NULL,
)
Request URL: /MusicReview/img/no-image.jpg
Stack Trace:
#0 /var/www/html/MusicReview/app/webroot/index.php(111): Dispatcher->dispatch(Object(CakeRequest), Object(CakeResponse))
#1 {main}
2016-07-18 18:53:55 Error: [MissingControllerException] Controller class ImgController could not be found.
Exception Attributes: array (
  'class' => 'ImgController',
  'plugin' => NULL,
)
Request URL: /MusicReview/img/no-image.jpg
Stack Trace:
#0 /var/www/html/MusicReview/app/webroot/index.php(111): Dispatcher->dispatch(Object(CakeRequest), Object(CakeResponse))
#1 {main}
2016-07-18 19:03:16 Error: [MissingControllerException] Controller class ImgController could not be found.
Exception Attributes: array (
  'class' => 'ImgController',
  'plugin' => NULL,
)
Request URL: /MusicReview/img/no-image.jpg
Stack Trace:
#0 /var/www/html/MusicReview/app/webroot/index.php(111): Dispatcher->dispatch(Object(CakeRequest), Object(CakeResponse))
#1 {main}
2016-07-18 19:11:42 Error: [MissingControllerException] Controller class ImgController could not be found.
Exception Attributes: array (
  'class' => 'ImgController',
  'plugin' => NULL,
)
Request URL: /MusicReview/img/no-image.jpg
Stack Trace:
#0 /var/www/html/MusicReview/app/webroot/index.php(111): Dispatcher->dispatch(Object(CakeRequest), Object(CakeResponse))
#1 {main}
2016-07-18 19:13:30 Error: [MissingControllerException] Controller class ImgController could not be found.
Exception Attributes: array (
  'class' => 'ImgController',
  'plugin' => NULL,
)
Request URL: /MusicReview/img/no-image.jpg
Stack Trace:
#0 /var/www/html/MusicReview/app/webroot/index.php(111): Dispatcher->dispatch(Object(CakeRequest), Object(CakeResponse))
#1 {main}
2016-07-18 19:13:36 Error: [MissingControllerException] Controller class ImgController could not be found.
Exception Attributes: array (
  'class' => 'ImgController',
  'plugin' => NULL,
)
Request URL: /MusicReview/img/no-image.jpg
Stack Trace:
#0 /var/www/html/MusicReview/app/webroot/index.php(111): Dispatcher->dispatch(Object(CakeRequest), Object(CakeResponse))
#1 {main}
2016-07-18 19:21:42 Error: Fatal Error (4): syntax error, unexpected ';' in [/var/www/html/MusicReview/app/View/Records/view.ctp, line 6]
2016-07-18 19:21:42 Error: [FatalErrorException] syntax error, unexpected ';'
Request URL: /MusicReview/Records/View/1
Stack Trace:
#0 /var/www/html/MusicReview/lib/Cake/Error/ErrorHandler.php(213): ErrorHandler::handleFatalError(4, 'syntax error, u...', '/var/www/html/M...', 6)
#1 [internal function]: ErrorHandler::handleError(4, 'syntax error, u...', '/var/www/html/M...', 6, Array)
#2 /var/www/html/MusicReview/lib/Cake/Core/App.php(970): call_user_func('ErrorHandler::h...', 4, 'syntax error, u...', '/var/www/html/M...', 6, Array)
#3 /var/www/html/MusicReview/lib/Cake/Core/App.php(943): App::_checkFatalError()
#4 [internal function]: App::shutdown()
#5 {main}
2016-07-18 19:23:18 Error: Fatal Error (4): syntax error, unexpected ';' in [/var/www/html/MusicReview/app/View/Records/view.ctp, line 7]
2016-07-18 19:23:18 Error: [FatalErrorException] syntax error, unexpected ';'
Request URL: /MusicReview/Records/View/1
Stack Trace:
#0 /var/www/html/MusicReview/lib/Cake/Error/ErrorHandler.php(213): ErrorHandler::handleFatalError(4, 'syntax error, u...', '/var/www/html/M...', 7)
#1 [internal function]: ErrorHandler::handleError(4, 'syntax error, u...', '/var/www/html/M...', 7, Array)
#2 /var/www/html/MusicReview/lib/Cake/Core/App.php(970): call_user_func('ErrorHandler::h...', 4, 'syntax error, u...', '/var/www/html/M...', 7, Array)
#3 /var/www/html/MusicReview/lib/Cake/Core/App.php(943): App::_checkFatalError()
#4 [internal function]: App::shutdown()
#5 {main}
